
> stock-trends-frontend@0.1.0 start
> PORT=8080 react-scripts start

(node:24215) [DEP_WEBPACK_DEV_SERVER_ON_AFTER_SETUP_MIDDLEWARE] DeprecationWarning: 'onAfterSetupMiddleware' option is deprecated. Please use the 'setupMiddlewares' option.
(Use `node --trace-deprecation ...` to show where the warning was created)
(node:24215) [DEP_WEBPACK_DEV_SERVER_ON_BEFORE_SETUP_MIDDLEWARE] DeprecationWarning: 'onBeforeSetupMiddleware' option is deprecated. Please use the 'setupMiddlewares' option.
Starting the development server...

Compiled successfully!

You can now view stock-trends-frontend in the browser.

  Local:            http://localhost:8080
  On Your Network:  http://10.0.0.82:8080

Note that the development build is not optimized.
To create a production build, use npm run build.

webpack compiled successfully
Watchpack Error (watcher): Error: EACCES: permission denied, watch '/data/data'
Watchpack Error (watcher): Error: EACCES: permission denied, watch '/data'
Watchpack Error (watcher): Error: EACCES: permission denied, watch '/'
Watchpack Error (initial scan): Error: EACCES: permission denied, scandir '/data/data'
Watchpack Error (initial scan): Error: EACCES: permission denied, scandir '/data'
Watchpack Error (initial scan): Error: EACCES: permission denied, scandir '/'
Compiled successfully!
webpack compiled successfully
Compiling...
Compiled successfully!
webpack compiled successfully
